set max_parallel_maintenance_workers = 0;
SET
set max_parallel_workers_per_gather = 0;
SET
set maintenance_work_mem = 262144;
SET
Timing is on.
Timing is on.
ALTER TABLE SUPPLIER ADD FOREIGN KEY (S_NATIONKEY) REFERENCES NATION (N_NATIONKEY);
ALTER TABLE
Time: 4.459 ms
ALTER TABLE PARTSUPP ADD FOREIGN KEY (PS_PARTKEY) REFERENCES PART (P_PARTKEY);
ALTER TABLE
Time: 148.927 ms
ALTER TABLE PARTSUPP ADD FOREIGN KEY (PS_SUPPKEY) REFERENCES SUPPLIER (S_SUPPKEY);
ALTER TABLE
Time: 91.616 ms
ALTER TABLE CUSTOMER ADD FOREIGN KEY (C_NATIONKEY) REFERENCES NATION (N_NATIONKEY);
ALTER TABLE
Time: 17.774 ms
ALTER TABLE ORDERS ADD FOREIGN KEY (O_CUSTKEY) REFERENCES CUSTOMER (C_CUSTKEY);
ALTER TABLE
Time: 205.275 ms
ALTER TABLE LINEITEM ADD FOREIGN KEY (L_ORDERKEY) REFERENCES ORDERS (O_ORDERKEY);
ALTER TABLE
Time: 1238.228 ms (00:01.238)
ALTER TABLE LINEITEM ADD FOREIGN KEY (L_PARTKEY, L_SUPPKEY) REFERENCES PARTSUPP (PS_PARTKEY, PS_SUPPKEY);
ALTER TABLE
Time: 1000.979 ms (00:01.001)
ALTER TABLE NATION ADD FOREIGN KEY (N_REGIONKEY) REFERENCES REGION (R_REGIONKEY);
ALTER TABLE
Time: 1.615 ms
ANALYZE;
ANALYZE
Time: 1693.340 ms (00:01.693)
